{"error":{},"level":"error","message":"登录失败","timestamp":"2025-01-11T10:15:45.716Z"}
{"error":{"isOperational":true,"statusCode":500},"level":"error","message":"登录请求失败","timestamp":"2025-01-11T10:15:45.718Z"}
{"error":{},"level":"error","message":"注册失败","timestamp":"2025-01-11T10:15:45.729Z"}
{"error":{"isOperational":true,"statusCode":500},"level":"error","message":"注册请求失败","timestamp":"2025-01-11T10:15:45.730Z"}
{"error":{"isOperational":true,"statusCode":404},"level":"error","message":"登录失败","timestamp":"2025-01-11T10:15:45.734Z"}
{"error":{"isOperational":true,"statusCode":404},"level":"error","message":"登录请求失败","timestamp":"2025-01-11T10:15:45.736Z"}
{"error":{},"level":"error","message":"注册失败","timestamp":"2025-01-11T10:15:45.832Z"}
{"error":{"isOperational":true,"statusCode":500},"level":"error","message":"注册请求失败","timestamp":"2025-01-11T10:15:45.832Z"}
{"error":{},"level":"error","message":"注册失败","timestamp":"2025-01-11T10:15:45.838Z"}
{"error":{"isOperational":true,"statusCode":500},"level":"error","message":"注册请求失败","timestamp":"2025-01-11T10:15:45.838Z"}
{"error":{},"level":"error","message":"注册失败","timestamp":"2025-01-11T10:15:45.843Z"}
{"error":{"isOperational":true,"statusCode":500},"level":"error","message":"注册请求失败","timestamp":"2025-01-11T10:15:45.844Z"}
{"error":{},"level":"error","message":"注册失败","timestamp":"2025-01-11T10:15:45.849Z"}
{"error":{"isOperational":true,"statusCode":500},"level":"error","message":"注册请求失败","timestamp":"2025-01-11T10:15:45.849Z"}
{"error":{},"level":"error","message":"注册失败","timestamp":"2025-01-11T10:15:45.855Z"}
{"error":{"isOperational":true,"statusCode":500},"level":"error","message":"注册请求失败","timestamp":"2025-01-11T10:15:45.855Z"}
{"error":{},"level":"error","message":"注册失败","timestamp":"2025-01-11T10:15:45.860Z"}
{"error":{"isOperational":true,"statusCode":500},"level":"error","message":"注册请求失败","timestamp":"2025-01-11T10:15:45.860Z"}
{"error":{"isOperational":true,"statusCode":404},"level":"error","message":"登录失败","timestamp":"2025-01-11T10:15:45.865Z"}
{"error":{"isOperational":true,"statusCode":404},"level":"error","message":"登录请求失败","timestamp":"2025-01-11T10:15:45.866Z"}
{"error":{"isOperational":true,"statusCode":404},"level":"error","message":"登录失败","timestamp":"2025-01-11T10:15:45.870Z"}
{"error":{"isOperational":true,"statusCode":404},"level":"error","message":"登录请求失败","timestamp":"2025-01-11T10:15:45.870Z"}
{"error":{"isOperational":true,"statusCode":404},"level":"error","message":"登录失败","timestamp":"2025-01-11T10:15:45.875Z"}
{"error":{"isOperational":true,"statusCode":404},"level":"error","message":"登录请求失败","timestamp":"2025-01-11T10:15:45.875Z"}
{"error":{"isOperational":true,"statusCode":404},"level":"error","message":"登录失败","timestamp":"2025-01-11T10:15:45.880Z"}
{"error":{"isOperational":true,"statusCode":404},"level":"error","message":"登录请求失败","timestamp":"2025-01-11T10:15:45.880Z"}
{"error":{"isOperational":true,"statusCode":404},"level":"error","message":"登录失败","timestamp":"2025-01-11T10:15:45.884Z"}
{"error":{"isOperational":true,"statusCode":404},"level":"error","message":"登录请求失败","timestamp":"2025-01-11T10:15:45.885Z"}
{"error":{"isOperational":true,"statusCode":404},"level":"error","message":"登录失败","timestamp":"2025-01-11T10:15:45.889Z"}
{"error":{"isOperational":true,"statusCode":404},"level":"error","message":"登录请求失败","timestamp":"2025-01-11T10:15:45.889Z"}
{"error":{"isOperational":true,"statusCode":404},"level":"error","message":"登录失败","timestamp":"2025-01-11T10:15:45.893Z"}
{"error":{"isOperational":true,"statusCode":404},"level":"error","message":"登录请求失败","timestamp":"2025-01-11T10:15:45.894Z"}
{"error":{},"level":"error","message":"注册失败","timestamp":"2025-01-11T10:16:47.948Z"}
{"error":{"isOperational":true,"statusCode":500},"level":"error","message":"注册请求失败","timestamp":"2025-01-11T10:16:47.949Z"}
{"error":{},"level":"error","message":"注册失败","timestamp":"2025-01-11T10:16:47.962Z"}
{"error":{"isOperational":true,"statusCode":500},"level":"error","message":"注册请求失败","timestamp":"2025-01-11T10:16:47.963Z"}
{"error":{},"level":"error","message":"注册失败","timestamp":"2025-01-11T10:16:47.968Z"}
{"error":{"isOperational":true,"statusCode":500},"level":"error","message":"注册请求失败","timestamp":"2025-01-11T10:16:47.968Z"}
{"error":{},"level":"error","message":"注册失败","timestamp":"2025-01-11T10:16:47.973Z"}
{"error":{"isOperational":true,"statusCode":500},"level":"error","message":"注册请求失败","timestamp":"2025-01-11T10:16:47.973Z"}
{"error":{},"level":"error","message":"注册失败","timestamp":"2025-01-11T10:16:47.977Z"}
{"error":{"isOperational":true,"statusCode":500},"level":"error","message":"注册请求失败","timestamp":"2025-01-11T10:16:47.978Z"}
{"error":{},"level":"error","message":"注册失败","timestamp":"2025-01-11T10:16:47.983Z"}
{"error":{"isOperational":true,"statusCode":500},"level":"error","message":"注册请求失败","timestamp":"2025-01-11T10:16:47.983Z"}
{"error":{"isOperational":true,"statusCode":404},"level":"error","message":"登录失败","timestamp":"2025-01-11T10:16:47.989Z"}
{"error":{"isOperational":true,"statusCode":404},"level":"error","message":"登录请求失败","timestamp":"2025-01-11T10:16:47.989Z"}
{"error":{"isOperational":true,"statusCode":404},"level":"error","message":"登录失败","timestamp":"2025-01-11T10:16:47.993Z"}
{"error":{"isOperational":true,"statusCode":404},"level":"error","message":"登录请求失败","timestamp":"2025-01-11T10:16:47.993Z"}
{"error":{"isOperational":true,"statusCode":404},"level":"error","message":"登录失败","timestamp":"2025-01-11T10:16:47.998Z"}
{"error":{"isOperational":true,"statusCode":404},"level":"error","message":"登录请求失败","timestamp":"2025-01-11T10:16:47.998Z"}
{"error":{"isOperational":true,"statusCode":404},"level":"error","message":"登录失败","timestamp":"2025-01-11T10:16:48.003Z"}
{"error":{"isOperational":true,"statusCode":404},"level":"error","message":"登录请求失败","timestamp":"2025-01-11T10:16:48.004Z"}
{"error":{"isOperational":true,"statusCode":404},"level":"error","message":"登录失败","timestamp":"2025-01-11T10:16:48.009Z"}
{"error":{"isOperational":true,"statusCode":404},"level":"error","message":"登录请求失败","timestamp":"2025-01-11T10:16:48.009Z"}
{"error":{"isOperational":true,"statusCode":404},"level":"error","message":"登录失败","timestamp":"2025-01-11T10:16:48.013Z"}
{"error":{"isOperational":true,"statusCode":404},"level":"error","message":"登录请求失败","timestamp":"2025-01-11T10:16:48.013Z"}
{"error":{"isOperational":true,"statusCode":404},"level":"error","message":"登录失败","timestamp":"2025-01-11T10:16:48.018Z"}
{"error":{"isOperational":true,"statusCode":404},"level":"error","message":"登录请求失败","timestamp":"2025-01-11T10:16:48.019Z"}
{"error":{},"level":"error","message":"未处理的错误","stack":"Error: Error during decryption (probably incorrect key). Original error: Error: Incorrect data or key\n    at module.exports.NodeRSA.$$decryptKey (E:\\git\\video-admin\\node_modules\\.pnpm\\node-rsa@1.1.1\\node_modules\\node-rsa\\src\\NodeRSA.js:301:19)\n    at module.exports.NodeRSA.decrypt (E:\\git\\video-admin\\node_modules\\.pnpm\\node-rsa@1.1.1\\node_modules\\node-rsa\\src\\NodeRSA.js:249:21)\n    at decrypt (e:\\git\\video-admin\\apps\\server\\src\\lib\\crypto.ts:14:14)\n    at AuthService.login (e:\\git\\video-admin\\apps\\server\\src\\services\\auth.ts:31:31)\n    at AuthController.login (e:\\git\\video-admin\\apps\\server\\src\\controllers\\auth.ts:13:40)\n    at Layer.handle [as handle_request] (E:\\git\\video-admin\\node_modules\\.pnpm\\express@4.21.2\\node_modules\\express\\lib\\router\\layer.js:95:5)\n    at next (E:\\git\\video-admin\\node_modules\\.pnpm\\express@4.21.2\\node_modules\\express\\lib\\router\\route.js:149:13)\n    at <anonymous> (e:\\git\\video-admin\\apps\\server\\src\\middlewares\\validator.ts:9:7)\n    at process.processTicksAndRejections (node:internal/process/task_queues:95:5)","timestamp":"2025-01-11T10:22:50.767Z"}
{"error":{},"level":"error","message":"未处理的错误","stack":"Error: Error during decryption (probably incorrect key). Original error: Error: Incorrect data or key\n    at module.exports.NodeRSA.$$decryptKey (E:\\git\\video-admin\\node_modules\\.pnpm\\node-rsa@1.1.1\\node_modules\\node-rsa\\src\\NodeRSA.js:301:19)\n    at module.exports.NodeRSA.decrypt (E:\\git\\video-admin\\node_modules\\.pnpm\\node-rsa@1.1.1\\node_modules\\node-rsa\\src\\NodeRSA.js:249:21)\n    at decrypt (e:\\git\\video-admin\\apps\\server\\src\\lib\\crypto.ts:14:14)\n    at AuthService.login (e:\\git\\video-admin\\apps\\server\\src\\services\\auth.ts:31:31)\n    at AuthController.login (e:\\git\\video-admin\\apps\\server\\src\\controllers\\auth.ts:13:40)\n    at Layer.handle [as handle_request] (E:\\git\\video-admin\\node_modules\\.pnpm\\express@4.21.2\\node_modules\\express\\lib\\router\\layer.js:95:5)\n    at next (E:\\git\\video-admin\\node_modules\\.pnpm\\express@4.21.2\\node_modules\\express\\lib\\router\\route.js:149:13)\n    at <anonymous> (e:\\git\\video-admin\\apps\\server\\src\\middlewares\\validator.ts:9:7)\n    at process.processTicksAndRejections (node:internal/process/task_queues:95:5)","timestamp":"2025-01-11T10:23:18.261Z"}
{"error":{},"level":"error","message":"密码解密失败","timestamp":"2025-01-11T10:25:13.773Z"}
{"error":{},"level":"error","message":"密码解密失败","timestamp":"2025-01-11T10:25:17.772Z"}
{"error":{},"level":"error","message":"密码解密失败","timestamp":"2025-01-11T10:25:18.836Z"}
{"error":{},"level":"error","message":"密码解密失败","timestamp":"2025-01-11T10:25:57.731Z"}
